Flow report for VGA_P3
Wed May 14 13:15:10 2025
Quartus II 64-Bit Version 13.1.0 Build 162 10/23/2013 SJ Full Version


---------------------
; Table of Contents ;
---------------------
  1. Legal Notice
  2. Flow Summary
  3. Flow Settings
  4. Flow Non-Default Global Settings
  5. Flow Elapsed Time
  6. Flow OS Summary
  7. Flow Log
  8. Flow Messages
  9. Flow Suppressed Messages



----------------
; Legal Notice ;
----------------
Copyright (C) 1991-2013 Altera Corporation
Your use of Altera Corporation's design tools, logic functions 
and other software and tools, and its AMPP partner logic 
functions, and any output files from any of the foregoing 
(including device programming or simulation files), and any 
associated documentation or information are expressly subject 
to the terms and conditions of the Altera Program License 
Subscription Agreement, Altera MegaCore Function License 
Agreement, or other applicable license agreement, including, 
without limitation, that your use is for the sole purpose of 
programming logic devices manufactured by Altera and sold by 
Altera or its authorized distributors.  Please refer to the 
applicable agreement for further details.



+-------------------------------------------------------------------------------+
; Flow Summary                                                                  ;
+---------------------------------+---------------------------------------------+
; Flow Status                     ; Successful - Wed May 14 13:15:10 2025       ;
; Quartus II 64-Bit Version       ; 13.1.0 Build 162 10/23/2013 SJ Full Version ;
; Revision Name                   ; VGA_P3                                      ;
; Top-level Entity Name           ; VGA_P3                                      ;
; Family                          ; Cyclone V                                   ;
; Device                          ; 5CSEMA5F31C6                                ;
; Timing Models                   ; Preliminary                                 ;
; Logic utilization (in ALMs)     ; 601 / 32,070 ( 2 % )                        ;
; Total registers                 ; 598                                         ;
; Total pins                      ; 57 / 457 ( 12 % )                           ;
; Total virtual pins              ; 0                                           ;
; Total block memory bits         ; 2,457,600 / 4,065,280 ( 60 % )              ;
; Total DSP Blocks                ; 0 / 87 ( 0 % )                              ;
; Total HSSI RX PCSs              ; 0                                           ;
; Total HSSI PMA RX Deserializers ; 0                                           ;
; Total HSSI TX PCSs              ; 0                                           ;
; Total HSSI TX Channels          ; 0                                           ;
; Total PLLs                      ; 1 / 6 ( 17 % )                              ;
; Total DLLs                      ; 0 / 4 ( 0 % )                               ;
+---------------------------------+---------------------------------------------+


+-----------------------------------------+
; Flow Settings                           ;
+-------------------+---------------------+
; Option            ; Setting             ;
+-------------------+---------------------+
; Start date & time ; 05/14/2025 13:13:54 ;
; Main task         ; Compilation         ;
; Revision Name     ; VGA_P3              ;
+-------------------+---------------------+


+----------------------------------------------------------------------------------------------------------------------------+
; Flow Non-Default Global Settings                                                                                           ;
+-------------------------------------+---------------------------------------+---------------+-------------+----------------+
; Assignment Name                     ; Value                                 ; Default Value ; Entity Name ; Section Id     ;
+-------------------------------------+---------------------------------------+---------------+-------------+----------------+
; COMPILER_SIGNATURE_ID               ; 31350070089504.174719963418648        ; --            ; --          ; --             ;
; EDA_OUTPUT_DATA_FORMAT              ; Verilog Hdl                           ; --            ; --          ; eda_simulation ;
; EDA_SIMULATION_TOOL                 ; ModelSim-Altera (Verilog)             ; <None>        ; --          ; --             ;
; IP_TOOL_ENV                         ; mwpim                                 ; --            ; PLL_25      ; --             ;
; IP_TOOL_ENV                         ; mwpim                                 ; --            ; PLL_25      ; --             ;
; IP_TOOL_ENV                         ; mwpim                                 ; --            ; PLL_25_0002 ; --             ;
; IP_TOOL_NAME                        ; altera_pll                            ; --            ; PLL_25      ; --             ;
; IP_TOOL_NAME                        ; altera_pll                            ; --            ; PLL_25      ; --             ;
; IP_TOOL_NAME                        ; altera_pll                            ; --            ; PLL_25_0002 ; --             ;
; IP_TOOL_VERSION                     ; 13.1                                  ; --            ; PLL_25      ; --             ;
; IP_TOOL_VERSION                     ; 13.1                                  ; --            ; PLL_25      ; --             ;
; IP_TOOL_VERSION                     ; 13.1                                  ; --            ; PLL_25_0002 ; --             ;
; MAX_CORE_JUNCTION_TEMP              ; 85                                    ; --            ; --          ; --             ;
; MIN_CORE_JUNCTION_TEMP              ; 0                                     ; --            ; --          ; --             ;
; MISC_FILE                           ; PLL_25.cmp                            ; --            ; --          ; --             ;
; MISC_FILE                           ; PLL_25_sim/PLL_25.vo                  ; --            ; --          ; --             ;
; PARTITION_COLOR                     ; 16764057                              ; --            ; --          ; Top            ;
; PARTITION_FITTER_PRESERVATION_LEVEL ; PLACEMENT_AND_ROUTING                 ; --            ; --          ; Top            ;
; PARTITION_NETLIST_TYPE              ; SOURCE                                ; --            ; --          ; Top            ;
; POWER_BOARD_THERMAL_MODEL           ; None (CONSERVATIVE)                   ; --            ; --          ; --             ;
; POWER_PRESET_COOLING_SOLUTION       ; 23 MM HEAT SINK WITH 200 LFPM AIRFLOW ; --            ; --          ; --             ;
; SPD_FILE                            ; PLL_25.spd                            ; --            ; --          ; --             ;
; SYNTHESIS_ONLY_QIP                  ; On                                    ; --            ; --          ; --             ;
+-------------------------------------+---------------------------------------+---------------+-------------+----------------+


+-------------------------------------------------------------------------------------------------------------------------------+
; Flow Elapsed Time                                                                                                             ;
+---------------------------+--------------+-------------------------+---------------------+------------------------------------+
; Module Name               ; Elapsed Time ; Average Processors Used ; Peak Virtual Memory ; Total CPU Time (on all processors) ;
+---------------------------+--------------+-------------------------+---------------------+------------------------------------+
; Analysis & Synthesis      ; 00:00:09     ; 1.0                     ; 4783 MB             ; 00:00:01                           ;
; Fitter                    ; 00:00:33     ; 4.1                     ; 6936 MB             ; 00:00:51                           ;
; Assembler                 ; 00:00:14     ; 1.0                     ; 4801 MB             ; 00:00:06                           ;
; TimeQuest Timing Analyzer ; 00:00:14     ; 3.5                     ; 5366 MB             ; 00:00:11                           ;
; EDA Netlist Writer        ; 00:00:09     ; 1.0                     ; 4758 MB             ; 00:00:01                           ;
; Total                     ; 00:01:19     ; --                      ; --                  ; 00:01:10                           ;
+---------------------------+--------------+-------------------------+---------------------+------------------------------------+


+----------------------------------------------------------------------------------------+
; Flow OS Summary                                                                        ;
+---------------------------+------------------+-----------+------------+----------------+
; Module Name               ; Machine Hostname ; OS Name   ; OS Version ; Processor type ;
+---------------------------+------------------+-----------+------------+----------------+
; Analysis & Synthesis      ; Wu               ; Windows 7 ; 6.2        ; x86_64         ;
; Fitter                    ; Wu               ; Windows 7 ; 6.2        ; x86_64         ;
; Assembler                 ; Wu               ; Windows 7 ; 6.2        ; x86_64         ;
; TimeQuest Timing Analyzer ; Wu               ; Windows 7 ; 6.2        ; x86_64         ;
; EDA Netlist Writer        ; Wu               ; Windows 7 ; 6.2        ; x86_64         ;
+---------------------------+------------------+-----------+------------+----------------+


------------
; Flow Log ;
------------
quartus_map --read_settings_files=on --write_settings_files=off VGA_P3 -c VGA_P3
quartus_fit --read_settings_files=off --write_settings_files=off VGA_P3 -c VGA_P3
quartus_asm --read_settings_files=off --write_settings_files=off VGA_P3 -c VGA_P3
quartus_sta VGA_P3 -c VGA_P3
quartus_eda --read_settings_files=off --write_settings_files=off VGA_P3 -c VGA_P3



