Partition Merge report for vga
Thu Aug 24 18:02:21 2023
Quartus Prime Version 17.1.0 Build 590 10/25/2017 SJ Lite Edition


---------------------
; Table of Contents ;
---------------------
  1. Legal Notice
  2. Partition Merge Summary
  3. Partition Merge Netlist Types Used
  4. Connections to In-System Debugging Instance "auto_signaltap_0"
  5. Partition Merge Partition Statistics
  6. Partition Merge Partition Pin Processing
  7. Partition Merge Resource Usage Summary
  8. Partition Merge RAM Summary
  9. Partition Merge Messages



----------------
; Legal Notice ;
----------------
Copyright (C) 2017  Intel Corporation. All rights reserved.
Your use of Intel Corporation's design tools, logic functions 
and other software and tools, and its AMPP partner logic 
functions, and any output files from any of the foregoing 
(including device programming or simulation files), and any 
associated documentation or information are expressly subject 
to the terms and conditions of the Intel Program License 
Subscription Agreement, the Intel Quartus Prime License Agreement,
the Intel FPGA IP License Agreement, or other applicable license
agreement, including, without limitation, that your use is for
the sole purpose of programming logic devices manufactured by
Intel and sold by Intel or its authorized distributors.  Please
refer to the applicable agreement for further details.



+-------------------------------------------------------------------------------+
; Partition Merge Summary                                                       ;
+---------------------------------+---------------------------------------------+
; Partition Merge Status          ; Successful - Thu Aug 24 18:02:21 2023       ;
; Quartus Prime Version           ; 17.1.0 Build 590 10/25/2017 SJ Lite Edition ;
; Revision Name                   ; vga                                         ;
; Top-level Entity Name           ; vga                                         ;
; Family                          ; Cyclone V                                   ;
; Logic utilization (in ALMs)     ; N/A                                         ;
; Total registers                 ; 685                                         ;
; Total pins                      ; 31                                          ;
; Total virtual pins              ; 0                                           ;
; Total block memory bits         ; 1,408                                       ;
; Total DSP Blocks                ; 0                                           ;
; Total HSSI RX PCSs              ; 0                                           ;
; Total HSSI PMA RX Deserializers ; 0                                           ;
; Total HSSI TX PCSs              ; 0                                           ;
; Total HSSI PMA TX Serializers   ; 0                                           ;
; Total PLLs                      ; 1                                           ;
; Total DLLs                      ; 0                                           ;
+---------------------------------+---------------------------------------------+


+-------------------------------------------------------------------------------------------------------------------------------+
; Partition Merge Netlist Types Used                                                                                            ;
+--------------------------------+----------------+-------------------+------------------------+--------------------------------+
; Partition Name                 ; Partition Type ; Netlist Type Used ; Netlist Type Requested ; Partition Contents             ;
+--------------------------------+----------------+-------------------+------------------------+--------------------------------+
; Top                            ; User-created   ; Source File       ; Source File            ;                                ;
; sld_hub:auto_hub               ; Auto-generated ; Post-Synthesis    ; Post-Synthesis         ; sld_hub:auto_hub               ;
; sld_signaltap:auto_signaltap_0 ; Auto-generated ; Post-Synthesis    ; Post-Synthesis         ; sld_signaltap:auto_signaltap_0 ;
; hard_block:auto_generated_inst ; Auto-generated ; Source File       ; Source File            ; hard_block:auto_generated_inst ;
+--------------------------------+----------------+-------------------+------------------------+--------------------------------+


+---------------------------------------------------------------------------------------------------------------------------------------------------------------------------------------------------------------------------------------------------------------------------------------------------------------------------------------------------------------------------------------------------------+
; Connections to In-System Debugging Instance "auto_signaltap_0"                                                                                                                                                                                                                                                                                                                                          ;
+-------------------------------------------------------------------------------+---------------+-----------+--------------------------------+-------------------+-----------------------------------------------------------------------+----------------------------------------------------------------------------------------------------------------------------------------------------------------+
; Name                                                                          ; Type          ; Status    ; Partition Name                 ; Netlist Type Used ; Actual Connection                                                     ; Details                                                                                                                                                        ;
+-------------------------------------------------------------------------------+---------------+-----------+--------------------------------+-------------------+-----------------------------------------------------------------------+----------------------------------------------------------------------------------------------------------------------------------------------------------------+
; CLOCK_50                                                                      ; pre-synthesis ; missing   ; Top                            ; post-synthesis    ; GND                                                                   ; The name does not exist in your design or refers to an invalid hierarchy or bus element.  You may have modified your design after creating the debug instance. ;
; auto_signaltap_0|gnd                                                          ; post-fitting  ; connected ; sld_signaltap:auto_signaltap_0 ; post-synthesis    ; sld_signaltap:auto_signaltap_0|~GND                                   ; N/A                                                                                                                                                            ;
; auto_signaltap_0|gnd                                                          ; post-fitting  ; connected ; sld_signaltap:auto_signaltap_0 ; post-synthesis    ; sld_signaltap:auto_signaltap_0|~GND                                   ; N/A                                                                                                                                                            ;
; auto_signaltap_0|gnd                                                          ; post-fitting  ; connected ; sld_signaltap:auto_signaltap_0 ; post-synthesis    ; sld_signaltap:auto_signaltap_0|~GND                                   ; N/A                                                                                                                                                            ;
; auto_signaltap_0|gnd                                                          ; post-fitting  ; connected ; sld_signaltap:auto_signaltap_0 ; post-synthesis    ; sld_signaltap:auto_signaltap_0|~GND                                   ; N/A                                                                                                                                                            ;
; auto_signaltap_0|gnd                                                          ; post-fitting  ; connected ; sld_signaltap:auto_signaltap_0 ; post-synthesis    ; sld_signaltap:auto_signaltap_0|~GND                                   ; N/A                                                                                                                                                            ;
; auto_signaltap_0|gnd                                                          ; post-fitting  ; connected ; sld_signaltap:auto_signaltap_0 ; post-synthesis    ; sld_signaltap:auto_signaltap_0|~GND                                   ; N/A                                                                                                                                                            ;
; auto_signaltap_0|gnd                                                          ; post-fitting  ; connected ; sld_signaltap:auto_signaltap_0 ; post-synthesis    ; sld_signaltap:auto_signaltap_0|~GND                                   ; N/A                                                                                                                                                            ;
; auto_signaltap_0|gnd                                                          ; post-fitting  ; connected ; sld_signaltap:auto_signaltap_0 ; post-synthesis    ; sld_signaltap:auto_signaltap_0|~GND                                   ; N/A                                                                                                                                                            ;
; auto_signaltap_0|gnd                                                          ; post-fitting  ; connected ; sld_signaltap:auto_signaltap_0 ; post-synthesis    ; sld_signaltap:auto_signaltap_0|~GND                                   ; N/A                                                                                                                                                            ;
; auto_signaltap_0|gnd                                                          ; post-fitting  ; connected ; sld_signaltap:auto_signaltap_0 ; post-synthesis    ; sld_signaltap:auto_signaltap_0|~GND                                   ; N/A                                                                                                                                                            ;
; auto_signaltap_0|gnd                                                          ; post-fitting  ; connected ; sld_signaltap:auto_signaltap_0 ; post-synthesis    ; sld_signaltap:auto_signaltap_0|~GND                                   ; N/A                                                                                                                                                            ;
; auto_signaltap_0|gnd                                                          ; post-fitting  ; connected ; sld_signaltap:auto_signaltap_0 ; post-synthesis    ; sld_signaltap:auto_signaltap_0|~GND                                   ; N/A                                                                                                                                                            ;
; auto_signaltap_0|gnd                                                          ; post-fitting  ; connected ; sld_signaltap:auto_signaltap_0 ; post-synthesis    ; sld_signaltap:auto_signaltap_0|~GND                                   ; N/A                                                                                                                                                            ;
; auto_signaltap_0|gnd                                                          ; post-fitting  ; connected ; sld_signaltap:auto_signaltap_0 ; post-synthesis    ; sld_signaltap:auto_signaltap_0|~GND                                   ; N/A                                                                                                                                                            ;
; auto_signaltap_0|vcc                                                          ; post-fitting  ; connected ; sld_signaltap:auto_signaltap_0 ; post-synthesis    ; sld_signaltap:auto_signaltap_0|~VCC                                   ; N/A                                                                                                                                                            ;
; auto_signaltap_0|vcc                                                          ; post-fitting  ; connected ; sld_signaltap:auto_signaltap_0 ; post-synthesis    ; sld_signaltap:auto_signaltap_0|~VCC                                   ; N/A                                                                                                                                                            ;
; auto_signaltap_0|vcc                                                          ; post-fitting  ; connected ; sld_signaltap:auto_signaltap_0 ; post-synthesis    ; sld_signaltap:auto_signaltap_0|~VCC                                   ; N/A                                                                                                                                                            ;
; auto_signaltap_0|vcc                                                          ; post-fitting  ; connected ; sld_signaltap:auto_signaltap_0 ; post-synthesis    ; sld_signaltap:auto_signaltap_0|~VCC                                   ; N/A                                                                                                                                                            ;
; auto_signaltap_0|vcc                                                          ; post-fitting  ; connected ; sld_signaltap:auto_signaltap_0 ; post-synthesis    ; sld_signaltap:auto_signaltap_0|~VCC                                   ; N/A                                                                                                                                                            ;
; auto_signaltap_0|vcc                                                          ; post-fitting  ; connected ; sld_signaltap:auto_signaltap_0 ; post-synthesis    ; sld_signaltap:auto_signaltap_0|~VCC                                   ; N/A                                                                                                                                                            ;
; auto_signaltap_0|vcc                                                          ; post-fitting  ; connected ; sld_signaltap:auto_signaltap_0 ; post-synthesis    ; sld_signaltap:auto_signaltap_0|~VCC                                   ; N/A                                                                                                                                                            ;
; auto_signaltap_0|vcc                                                          ; post-fitting  ; connected ; sld_signaltap:auto_signaltap_0 ; post-synthesis    ; sld_signaltap:auto_signaltap_0|~VCC                                   ; N/A                                                                                                                                                            ;
; auto_signaltap_0|vcc                                                          ; post-fitting  ; connected ; sld_signaltap:auto_signaltap_0 ; post-synthesis    ; sld_signaltap:auto_signaltap_0|~VCC                                   ; N/A                                                                                                                                                            ;
; auto_signaltap_0|vcc                                                          ; post-fitting  ; connected ; sld_signaltap:auto_signaltap_0 ; post-synthesis    ; sld_signaltap:auto_signaltap_0|~VCC                                   ; N/A                                                                                                                                                            ;
; auto_signaltap_0|vcc                                                          ; post-fitting  ; connected ; sld_signaltap:auto_signaltap_0 ; post-synthesis    ; sld_signaltap:auto_signaltap_0|~VCC                                   ; N/A                                                                                                                                                            ;
; auto_signaltap_0|vcc                                                          ; post-fitting  ; connected ; sld_signaltap:auto_signaltap_0 ; post-synthesis    ; sld_signaltap:auto_signaltap_0|~VCC                                   ; N/A                                                                                                                                                            ;
; auto_signaltap_0|vcc                                                          ; post-fitting  ; connected ; sld_signaltap:auto_signaltap_0 ; post-synthesis    ; sld_signaltap:auto_signaltap_0|~VCC                                   ; N/A                                                                                                                                                            ;
; auto_signaltap_0|vcc                                                          ; post-fitting  ; connected ; sld_signaltap:auto_signaltap_0 ; post-synthesis    ; sld_signaltap:auto_signaltap_0|~VCC                                   ; N/A                                                                                                                                                            ;
; auto_signaltap_0|vcc                                                          ; post-fitting  ; connected ; sld_signaltap:auto_signaltap_0 ; post-synthesis    ; sld_signaltap:auto_signaltap_0|~VCC                                   ; N/A                                                                                                                                                            ;
; auto_signaltap_0|vcc                                                          ; post-fitting  ; connected ; sld_signaltap:auto_signaltap_0 ; post-synthesis    ; sld_signaltap:auto_signaltap_0|~VCC                                   ; N/A                                                                                                                                                            ;
; auto_signaltap_0|vcc                                                          ; post-fitting  ; connected ; sld_signaltap:auto_signaltap_0 ; post-synthesis    ; sld_signaltap:auto_signaltap_0|~VCC                                   ; N/A                                                                                                                                                            ;
; auto_signaltap_0|vcc                                                          ; post-fitting  ; connected ; sld_signaltap:auto_signaltap_0 ; post-synthesis    ; sld_signaltap:auto_signaltap_0|~VCC                                   ; N/A                                                                                                                                                            ;
; pll:pll_inst|pll_0002:pll_inst|altera_pll:altera_pll_i|outclk_wire[0]~CLKENA0 ; post-fitting  ; connected ; Top                            ; post-synthesis    ; pll:pll_inst|pll_0002:pll_inst|altera_pll:altera_pll_i|outclk_wire[0] ; N/A                                                                                                                                                            ;
; pll:pll_inst|pll_0002:pll_inst|altera_pll:altera_pll_i|outclk_wire[0]~CLKENA0 ; post-fitting  ; connected ; Top                            ; post-synthesis    ; pll:pll_inst|pll_0002:pll_inst|altera_pll:altera_pll_i|outclk_wire[0] ; N/A                                                                                                                                                            ;
; vga_ctrl:vga_ctrl_inst|vga_hs                                                 ; post-fitting  ; connected ; Top                            ; post-synthesis    ; vga_ctrl:vga_ctrl_inst|vga_hs                                         ; N/A                                                                                                                                                            ;
; vga_ctrl:vga_ctrl_inst|vga_hs                                                 ; post-fitting  ; connected ; Top                            ; post-synthesis    ; vga_ctrl:vga_ctrl_inst|vga_hs                                         ; N/A                                                                                                                                                            ;
; vga_ctrl:vga_ctrl_inst|vga_rgb[0]                                             ; post-fitting  ; connected ; Top                            ; post-synthesis    ; vga_ctrl:vga_ctrl_inst|vga_rgb[0]                                     ; N/A                                                                                                                                                            ;
; vga_ctrl:vga_ctrl_inst|vga_rgb[0]                                             ; post-fitting  ; connected ; Top                            ; post-synthesis    ; vga_ctrl:vga_ctrl_inst|vga_rgb[0]                                     ; N/A                                                                                                                                                            ;
; vga_ctrl:vga_ctrl_inst|vga_rgb[1]                                             ; post-fitting  ; connected ; Top                            ; post-synthesis    ; vga_ctrl:vga_ctrl_inst|vga_rgb[1]                                     ; N/A                                                                                                                                                            ;
; vga_ctrl:vga_ctrl_inst|vga_rgb[1]                                             ; post-fitting  ; connected ; Top                            ; post-synthesis    ; vga_ctrl:vga_ctrl_inst|vga_rgb[1]                                     ; N/A                                                                                                                                                            ;
; vga_ctrl:vga_ctrl_inst|vga_rgb[2]                                             ; post-fitting  ; connected ; Top                            ; post-synthesis    ; vga_ctrl:vga_ctrl_inst|vga_rgb[2]                                     ; N/A                                                                                                                                                            ;
; vga_ctrl:vga_ctrl_inst|vga_rgb[2]                                             ; post-fitting  ; connected ; Top                            ; post-synthesis    ; vga_ctrl:vga_ctrl_inst|vga_rgb[2]                                     ; N/A                                                                                                                                                            ;
; vga_ctrl:vga_ctrl_inst|vga_rgb[3]                                             ; post-fitting  ; connected ; Top                            ; post-synthesis    ; vga_ctrl:vga_ctrl_inst|vga_rgb[3]                                     ; N/A                                                                                                                                                            ;
; vga_ctrl:vga_ctrl_inst|vga_rgb[3]                                             ; post-fitting  ; connected ; Top                            ; post-synthesis    ; vga_ctrl:vga_ctrl_inst|vga_rgb[3]                                     ; N/A                                                                                                                                                            ;
; vga_ctrl:vga_ctrl_inst|vga_rgb[4]                                             ; post-fitting  ; connected ; Top                            ; post-synthesis    ; vga_ctrl:vga_ctrl_inst|vga_rgb[4]                                     ; N/A                                                                                                                                                            ;
; vga_ctrl:vga_ctrl_inst|vga_rgb[4]                                             ; post-fitting  ; connected ; Top                            ; post-synthesis    ; vga_ctrl:vga_ctrl_inst|vga_rgb[4]                                     ; N/A                                                                                                                                                            ;
; vga_ctrl:vga_ctrl_inst|vga_rgb[5]                                             ; post-fitting  ; connected ; Top                            ; post-synthesis    ; vga_ctrl:vga_ctrl_inst|vga_rgb[5]                                     ; N/A                                                                                                                                                            ;
; vga_ctrl:vga_ctrl_inst|vga_rgb[5]                                             ; post-fitting  ; connected ; Top                            ; post-synthesis    ; vga_ctrl:vga_ctrl_inst|vga_rgb[5]                                     ; N/A                                                                                                                                                            ;
; vga_ctrl:vga_ctrl_inst|vga_rgb[6]                                             ; post-fitting  ; connected ; Top                            ; post-synthesis    ; vga_ctrl:vga_ctrl_inst|vga_rgb[6]                                     ; N/A                                                                                                                                                            ;
; vga_ctrl:vga_ctrl_inst|vga_rgb[6]                                             ; post-fitting  ; connected ; Top                            ; post-synthesis    ; vga_ctrl:vga_ctrl_inst|vga_rgb[6]                                     ; N/A                                                                                                                                                            ;
; vga_ctrl:vga_ctrl_inst|vga_rgb[7]                                             ; post-fitting  ; connected ; Top                            ; post-synthesis    ; vga_ctrl:vga_ctrl_inst|vga_rgb[7]                                     ; N/A                                                                                                                                                            ;
; vga_ctrl:vga_ctrl_inst|vga_rgb[7]                                             ; post-fitting  ; connected ; Top                            ; post-synthesis    ; vga_ctrl:vga_ctrl_inst|vga_rgb[7]                                     ; N/A                                                                                                                                                            ;
; vga_ctrl:vga_ctrl_inst|vga_vs                                                 ; post-fitting  ; connected ; Top                            ; post-synthesis    ; vga_ctrl:vga_ctrl_inst|vga_vs                                         ; N/A                                                                                                                                                            ;
; vga_ctrl:vga_ctrl_inst|vga_vs                                                 ; post-fitting  ; connected ; Top                            ; post-synthesis    ; vga_ctrl:vga_ctrl_inst|vga_vs                                         ; N/A                                                                                                                                                            ;
+-------------------------------------------------------------------------------+---------------+-----------+--------------------------------+-------------------+-----------------------------------------------------------------------+----------------------------------------------------------------------------------------------------------------------------------------------------------------+


+----------------------------------------------------------------------------------------------------------------------------------------+
; Partition Merge Partition Statistics                                                                                                   ;
+---------------------------------------------+-----+------------------+--------------------------------+--------------------------------+
; Statistic                                   ; Top ; sld_hub:auto_hub ; sld_signaltap:auto_signaltap_0 ; hard_block:auto_generated_inst ;
+---------------------------------------------+-----+------------------+--------------------------------+--------------------------------+
; Estimate of Logic utilization (ALMs needed) ; 29  ; 62               ; 299                            ; 0                              ;
;                                             ;     ;                  ;                                ;                                ;
; Combinational ALUT usage for logic          ; 39  ; 92               ; 221                            ; 0                              ;
;     -- 7 input functions                    ; 0   ; 0                ; 0                              ; 0                              ;
;     -- 6 input functions                    ; 5   ; 13               ; 58                             ; 0                              ;
;     -- 5 input functions                    ; 7   ; 21               ; 36                             ; 0                              ;
;     -- 4 input functions                    ; 1   ; 19               ; 22                             ; 0                              ;
;     -- <=3 input functions                  ; 26  ; 39               ; 105                            ; 0                              ;
; Memory ALUT usage                           ; 0   ; 0                ; 0                              ; 0                              ;
;     -- 64-address deep                      ; 0   ; 0                ; 0                              ; 0                              ;
;     -- 32-address deep                      ; 0   ; 0                ; 0                              ; 0                              ;
;                                             ;     ;                  ;                                ;                                ;
; Dedicated logic registers                   ; 46  ; 91               ; 548                            ; 0                              ;
;                                             ;     ;                  ;                                ;                                ;
;                                             ;     ;                  ;                                ;                                ;
; I/O pins                                    ; 29  ; 0                ; 0                              ; 2                              ;
; I/O registers                               ; 0   ; 0                ; 0                              ; 0                              ;
; Total block memory bits                     ; 0   ; 0                ; 1408                           ; 0                              ;
; Total block memory implementation bits      ; 0   ; 0                ; 0                              ; 0                              ;
; JTAG                                        ; 0   ; 0                ; 0                              ; 1                              ;
;                                             ;     ;                  ;                                ;                                ;
; Connections                                 ;     ;                  ;                                ;                                ;
;     -- Input Connections                    ; 92  ; 134              ; 850                            ; 1                              ;
;     -- Registered Input Connections         ; 92  ; 110              ; 589                            ; 0                              ;
;     -- Output Connections                   ; 364 ; 231              ; 34                             ; 448                            ;
;     -- Registered Output Connections        ; 20  ; 231              ; 0                              ; 0                              ;
;                                             ;     ;                  ;                                ;                                ;
; Internal Connections                        ;     ;                  ;                                ;                                ;
;     -- Total Connections                    ; 709 ; 878              ; 2809                           ; 462                            ;
;     -- Registered Connections               ; 222 ; 698              ; 1774                           ; 0                              ;
;                                             ;     ;                  ;                                ;                                ;
; External Connections                        ;     ;                  ;                                ;                                ;
;     -- Top                                  ; 0   ; 0                ; 364                            ; 92                             ;
;     -- sld_hub:auto_hub                     ; 0   ; 20               ; 222                            ; 123                            ;
;     -- sld_signaltap:auto_signaltap_0       ; 364 ; 222              ; 64                             ; 234                            ;
;     -- hard_block:auto_generated_inst       ; 92  ; 123              ; 234                            ; 0                              ;
;                                             ;     ;                  ;                                ;                                ;
; Partition Interface                         ;     ;                  ;                                ;                                ;
;     -- Input Ports                          ; 5   ; 45               ; 102                            ; 6                              ;
;     -- Output Ports                         ; 30  ; 62               ; 37                             ; 11                             ;
;     -- Bidir Ports                          ; 0   ; 0                ; 0                              ; 0                              ;
;                                             ;     ;                  ;                                ;                                ;
; Registered Ports                            ;     ;                  ;                                ;                                ;
;     -- Registered Input Ports               ; 0   ; 13               ; 27                             ; 0                              ;
;     -- Registered Output Ports              ; 0   ; 29               ; 23                             ; 0                              ;
;                                             ;     ;                  ;                                ;                                ;
; Port Connectivity                           ;     ;                  ;                                ;                                ;
;     -- Input Ports driven by GND            ; 0   ; 0                ; 15                             ; 0                              ;
;     -- Output Ports driven by GND           ; 0   ; 28               ; 2                              ; 0                              ;
;     -- Input Ports driven by VCC            ; 0   ; 0                ; 18                             ; 0                              ;
;     -- Output Ports driven by VCC           ; 0   ; 0                ; 1                              ; 0                              ;
;     -- Input Ports with no Source           ; 0   ; 25               ; 15                             ; 0                              ;
;     -- Output Ports with no Source          ; 0   ; 0                ; 0                              ; 0                              ;
;     -- Input Ports with no Fanout           ; 0   ; 30               ; 29                             ; 0                              ;
;     -- Output Ports with no Fanout          ; 0   ; 29               ; 25                             ; 0                              ;
+---------------------------------------------+-----+------------------+--------------------------------+--------------------------------+
Note: Resource usage numbers presented for Partitions containing post-synthesis logic are estimates.  For Partitions containing post-fit logic, resource usage numbers are accurate based on previous placement information.  Actual Fitter results may vary depending on current Fitter Preservation Level assignments.


+----------------------------------------------------------------------------------------+
; Partition Merge Partition Pin Processing                                               ;
+-----------------------------------+-----------+---------------+----------+-------------+
; Name                              ; Partition ; Type          ; Location ; Status      ;
+-----------------------------------+-----------+---------------+----------+-------------+
; VGA_BLANK_N                       ; Top       ; Output Port   ; n/a      ;             ;
;     -- VGA_BLANK_N                ; Top       ; Output Pad    ; Unplaced ; Synthesized ;
;     -- VGA_BLANK_N~output         ; Top       ; Output Buffer ; Unplaced ; Synthesized ;
;                                   ;           ;               ;          ;             ;
; VGA_SYNC_N                        ; Top       ; Output Port   ; n/a      ;             ;
;     -- VGA_SYNC_N                 ; Top       ; Output Pad    ; Unplaced ; Synthesized ;
;     -- VGA_SYNC_N~output          ; Top       ; Output Buffer ; Unplaced ; Synthesized ;
;                                   ;           ;               ;          ;             ;
; altera_reserved_tck               ; Top       ; Input Port    ; n/a      ;             ;
;     -- altera_reserved_tck        ; Top       ; Input Pad     ; Unplaced ; Synthesized ;
;     -- altera_reserved_tck~input  ; Top       ; Input Buffer  ; Unplaced ; Synthesized ;
;                                   ;           ;               ;          ;             ;
; altera_reserved_tdi               ; Top       ; Input Port    ; n/a      ;             ;
;     -- altera_reserved_tdi        ; Top       ; Input Pad     ; Unplaced ; Synthesized ;
;     -- altera_reserved_tdi~input  ; Top       ; Input Buffer  ; Unplaced ; Synthesized ;
;                                   ;           ;               ;          ;             ;
; altera_reserved_tdo               ; Top       ; Output Port   ; n/a      ;             ;
;     -- altera_reserved_tdo        ; Top       ; Output Pad    ; Unplaced ; Synthesized ;
;     -- altera_reserved_tdo~output ; Top       ; Output Buffer ; Unplaced ; Synthesized ;
;                                   ;           ;               ;          ;             ;
; altera_reserved_tms               ; Top       ; Input Port    ; n/a      ;             ;
;     -- altera_reserved_tms        ; Top       ; Input Pad     ; Unplaced ; Synthesized ;
;     -- altera_reserved_tms~input  ; Top       ; Input Buffer  ; Unplaced ; Synthesized ;
;                                   ;           ;               ;          ;             ;
; clk                               ; Top       ; Input Port    ; n/a      ;             ;
;     -- clk                        ; Top       ; Input Pad     ; Unplaced ; Synthesized ;
;     -- clk~input                  ; Top       ; Input Buffer  ; Unplaced ; Synthesized ;
;                                   ;           ;               ;          ;             ;
; rst_n                             ; Top       ; Input Port    ; n/a      ;             ;
;     -- rst_n                      ; Top       ; Input Pad     ; Unplaced ; Synthesized ;
;     -- rst_n~input                ; Top       ; Input Buffer  ; Unplaced ; Synthesized ;
;                                   ;           ;               ;          ;             ;
; vga_CLK                           ; Top       ; Output Port   ; n/a      ;             ;
;     -- vga_CLK                    ; Top       ; Output Pad    ; Unplaced ; Synthesized ;
;     -- vga_CLK~output             ; Top       ; Output Buffer ; Unplaced ; Synthesized ;
;                                   ;           ;               ;          ;             ;
; vga_hs                            ; Top       ; Output Port   ; n/a      ;             ;
;     -- vga_hs                     ; Top       ; Output Pad    ; Unplaced ; Synthesized ;
;     -- vga_hs~output              ; Top       ; Output Buffer ; Unplaced ; Synthesized ;
;                                   ;           ;               ;          ;             ;
; vga_rgb[0]                        ; Top       ; Output Port   ; n/a      ;             ;
;     -- vga_rgb[0]                 ; Top       ; Output Pad    ; Unplaced ; Synthesized ;
;     -- vga_rgb[0]~output          ; Top       ; Output Buffer ; Unplaced ; Synthesized ;
;                                   ;           ;               ;          ;             ;
; vga_rgb[10]                       ; Top       ; Output Port   ; n/a      ;             ;
;     -- vga_rgb[10]                ; Top       ; Output Pad    ; Unplaced ; Synthesized ;
;     -- vga_rgb[10]~output         ; Top       ; Output Buffer ; Unplaced ; Synthesized ;
;                                   ;           ;               ;          ;             ;
; vga_rgb[11]                       ; Top       ; Output Port   ; n/a      ;             ;
;     -- vga_rgb[11]                ; Top       ; Output Pad    ; Unplaced ; Synthesized ;
;     -- vga_rgb[11]~output         ; Top       ; Output Buffer ; Unplaced ; Synthesized ;
;                                   ;           ;               ;          ;             ;
; vga_rgb[12]                       ; Top       ; Output Port   ; n/a      ;             ;
;     -- vga_rgb[12]                ; Top       ; Output Pad    ; Unplaced ; Synthesized ;
;     -- vga_rgb[12]~output         ; Top       ; Output Buffer ; Unplaced ; Synthesized ;
;                                   ;           ;               ;          ;             ;
; vga_rgb[13]                       ; Top       ; Output Port   ; n/a      ;             ;
;     -- vga_rgb[13]                ; Top       ; Output Pad    ; Unplaced ; Synthesized ;
;     -- vga_rgb[13]~output         ; Top       ; Output Buffer ; Unplaced ; Synthesized ;
;                                   ;           ;               ;          ;             ;
; vga_rgb[14]                       ; Top       ; Output Port   ; n/a      ;             ;
;     -- vga_rgb[14]                ; Top       ; Output Pad    ; Unplaced ; Synthesized ;
;     -- vga_rgb[14]~output         ; Top       ; Output Buffer ; Unplaced ; Synthesized ;
;                                   ;           ;               ;          ;             ;
; vga_rgb[15]                       ; Top       ; Output Port   ; n/a      ;             ;
;     -- vga_rgb[15]                ; Top       ; Output Pad    ; Unplaced ; Synthesized ;
;     -- vga_rgb[15]~output         ; Top       ; Output Buffer ; Unplaced ; Synthesized ;
;                                   ;           ;               ;          ;             ;
; vga_rgb[16]                       ; Top       ; Output Port   ; n/a      ;             ;
;     -- vga_rgb[16]                ; Top       ; Output Pad    ; Unplaced ; Synthesized ;
;     -- vga_rgb[16]~output         ; Top       ; Output Buffer ; Unplaced ; Synthesized ;
;                                   ;           ;               ;          ;             ;
; vga_rgb[17]                       ; Top       ; Output Port   ; n/a      ;             ;
;     -- vga_rgb[17]                ; Top       ; Output Pad    ; Unplaced ; Synthesized ;
;     -- vga_rgb[17]~output         ; Top       ; Output Buffer ; Unplaced ; Synthesized ;
;                                   ;           ;               ;          ;             ;
; vga_rgb[18]                       ; Top       ; Output Port   ; n/a      ;             ;
;     -- vga_rgb[18]                ; Top       ; Output Pad    ; Unplaced ; Synthesized ;
;     -- vga_rgb[18]~output         ; Top       ; Output Buffer ; Unplaced ; Synthesized ;
;                                   ;           ;               ;          ;             ;
; vga_rgb[19]                       ; Top       ; Output Port   ; n/a      ;             ;
;     -- vga_rgb[19]                ; Top       ; Output Pad    ; Unplaced ; Synthesized ;
;     -- vga_rgb[19]~output         ; Top       ; Output Buffer ; Unplaced ; Synthesized ;
;                                   ;           ;               ;          ;             ;
; vga_rgb[1]                        ; Top       ; Output Port   ; n/a      ;             ;
;     -- vga_rgb[1]                 ; Top       ; Output Pad    ; Unplaced ; Synthesized ;
;     -- vga_rgb[1]~output          ; Top       ; Output Buffer ; Unplaced ; Synthesized ;
;                                   ;           ;               ;          ;             ;
; vga_rgb[20]                       ; Top       ; Output Port   ; n/a      ;             ;
;     -- vga_rgb[20]                ; Top       ; Output Pad    ; Unplaced ; Synthesized ;
;     -- vga_rgb[20]~output         ; Top       ; Output Buffer ; Unplaced ; Synthesized ;
;                                   ;           ;               ;          ;             ;
; vga_rgb[21]                       ; Top       ; Output Port   ; n/a      ;             ;
;     -- vga_rgb[21]                ; Top       ; Output Pad    ; Unplaced ; Synthesized ;
;     -- vga_rgb[21]~output         ; Top       ; Output Buffer ; Unplaced ; Synthesized ;
;                                   ;           ;               ;          ;             ;
; vga_rgb[22]                       ; Top       ; Output Port   ; n/a      ;             ;
;     -- vga_rgb[22]                ; Top       ; Output Pad    ; Unplaced ; Synthesized ;
;     -- vga_rgb[22]~output         ; Top       ; Output Buffer ; Unplaced ; Synthesized ;
;                                   ;           ;               ;          ;             ;
; vga_rgb[23]                       ; Top       ; Output Port   ; n/a      ;             ;
;     -- vga_rgb[23]                ; Top       ; Output Pad    ; Unplaced ; Synthesized ;
;     -- vga_rgb[23]~output         ; Top       ; Output Buffer ; Unplaced ; Synthesized ;
;                                   ;           ;               ;          ;             ;
; vga_rgb[2]                        ; Top       ; Output Port   ; n/a      ;             ;
;     -- vga_rgb[2]                 ; Top       ; Output Pad    ; Unplaced ; Synthesized ;
;     -- vga_rgb[2]~output          ; Top       ; Output Buffer ; Unplaced ; Synthesized ;
;                                   ;           ;               ;          ;             ;
; vga_rgb[3]                        ; Top       ; Output Port   ; n/a      ;             ;
;     -- vga_rgb[3]                 ; Top       ; Output Pad    ; Unplaced ; Synthesized ;
;     -- vga_rgb[3]~output          ; Top       ; Output Buffer ; Unplaced ; Synthesized ;
;                                   ;           ;               ;          ;             ;
; vga_rgb[4]                        ; Top       ; Output Port   ; n/a      ;             ;
;     -- vga_rgb[4]                 ; Top       ; Output Pad    ; Unplaced ; Synthesized ;
;     -- vga_rgb[4]~output          ; Top       ; Output Buffer ; Unplaced ; Synthesized ;
;                                   ;           ;               ;          ;             ;
; vga_rgb[5]                        ; Top       ; Output Port   ; n/a      ;             ;
;     -- vga_rgb[5]                 ; Top       ; Output Pad    ; Unplaced ; Synthesized ;
;     -- vga_rgb[5]~output          ; Top       ; Output Buffer ; Unplaced ; Synthesized ;
;                                   ;           ;               ;          ;             ;
; vga_rgb[6]                        ; Top       ; Output Port   ; n/a      ;             ;
;     -- vga_rgb[6]                 ; Top       ; Output Pad    ; Unplaced ; Synthesized ;
;     -- vga_rgb[6]~output          ; Top       ; Output Buffer ; Unplaced ; Synthesized ;
;                                   ;           ;               ;          ;             ;
; vga_rgb[7]                        ; Top       ; Output Port   ; n/a      ;             ;
;     -- vga_rgb[7]                 ; Top       ; Output Pad    ; Unplaced ; Synthesized ;
;     -- vga_rgb[7]~output          ; Top       ; Output Buffer ; Unplaced ; Synthesized ;
;                                   ;           ;               ;          ;             ;
; vga_rgb[8]                        ; Top       ; Output Port   ; n/a      ;             ;
;     -- vga_rgb[8]                 ; Top       ; Output Pad    ; Unplaced ; Synthesized ;
;     -- vga_rgb[8]~output          ; Top       ; Output Buffer ; Unplaced ; Synthesized ;
;                                   ;           ;               ;          ;             ;
; vga_rgb[9]                        ; Top       ; Output Port   ; n/a      ;             ;
;     -- vga_rgb[9]                 ; Top       ; Output Pad    ; Unplaced ; Synthesized ;
;     -- vga_rgb[9]~output          ; Top       ; Output Buffer ; Unplaced ; Synthesized ;
;                                   ;           ;               ;          ;             ;
; vga_vs                            ; Top       ; Output Port   ; n/a      ;             ;
;     -- vga_vs                     ; Top       ; Output Pad    ; Unplaced ; Synthesized ;
;     -- vga_vs~output              ; Top       ; Output Buffer ; Unplaced ; Synthesized ;
;                                   ;           ;               ;          ;             ;
+-----------------------------------+-----------+---------------+----------+-------------+


+-----------------------------------------------------------------+
; Partition Merge Resource Usage Summary                          ;
+---------------------------------------------+-------------------+
; Resource                                    ; Usage             ;
+---------------------------------------------+-------------------+
; Estimate of Logic utilization (ALMs needed) ; 390               ;
;                                             ;                   ;
; Combinational ALUT usage for logic          ; 352               ;
;     -- 7 input functions                    ; 0                 ;
;     -- 6 input functions                    ; 76                ;
;     -- 5 input functions                    ; 64                ;
;     -- 4 input functions                    ; 42                ;
;     -- <=3 input functions                  ; 170               ;
;                                             ;                   ;
; Dedicated logic registers                   ; 685               ;
;                                             ;                   ;
; I/O pins                                    ; 31                ;
; Total MLAB memory bits                      ; 0                 ;
; Total block memory bits                     ; 1408              ;
;                                             ;                   ;
; Total DSP Blocks                            ; 0                 ;
;                                             ;                   ;
; Total PLLs                                  ; 1                 ;
;     -- PLLs                                 ; 1                 ;
;                                             ;                   ;
; Maximum fan-out node                        ; QIC_SIGNALTAP_GND ;
; Maximum fan-out                             ; 344               ;
; Total fan-out                               ; 3737              ;
; Average fan-out                             ; 3.34              ;
+---------------------------------------------+-------------------+


+-----------------------------------------------------------------------------------------------------------------------------------------------------------------------------------------------------------------------------------------------------------------------------------------------------------+
; Partition Merge RAM Summary                                                                                                                                                                                                                                                                               ;
+-------------------------------------------------------------------------------------------------------------------------------------------------------------------------------------------------------+------+------------------+--------------+--------------+--------------+--------------+------+------+
; Name                                                                                                                                                                                                  ; Type ; Mode             ; Port A Depth ; Port A Width ; Port B Depth ; Port B Width ; Size ; MIF  ;
+-------------------------------------------------------------------------------------------------------------------------------------------------------------------------------------------------------+------+------------------+--------------+--------------+--------------+--------------+------+------+
; sld_signaltap:auto_signaltap_0|sld_signaltap_impl:sld_signaltap_body|sld_signaltap_implb:sld_signaltap_body|altsyncram:\stp_non_zero_ram_gen:stp_buffer_ram|altsyncram_ab84:auto_generated|ALTSYNCRAM ; AUTO ; Simple Dual Port ; 128          ; 11           ; 128          ; 11           ; 1408 ; None ;
+-------------------------------------------------------------------------------------------------------------------------------------------------------------------------------------------------------+------+------------------+--------------+--------------+--------------+--------------+------+------+


+--------------------------+
; Partition Merge Messages ;
+--------------------------+
Info: *******************************************************************
Info: Running Quartus Prime Partition Merge
    Info: Version 17.1.0 Build 590 10/25/2017 SJ Lite Edition
    Info: Processing started: Thu Aug 24 18:02:18 2023
Info: Command: quartus_cdb --read_settings_files=off --write_settings_files=off vga -c vga --merge=on
Warning (18236): Number of processors has not been specified which may cause overloading on shared machines.  Set the global assignment NUM_PARALLEL_PROCESSORS in your QSF to an appropriate value for best performance.
Info (35007): Using synthesis netlist for partition "Top"
Info (35007): Using synthesis netlist for partition "sld_hub:auto_hub"
Info (35007): Using synthesis netlist for partition "sld_signaltap:auto_signaltap_0"
Critical Warning (35025): Partially connected in-system debug instance "auto_signaltap_0" to 54 of its 55 required data inputs, trigger inputs, acquisition clocks, and dynamic pins.  There were 0 illegal, 0 inaccessible, and 1 missing sources or connections.
Info (35002): Resolved and merged 3 partition(s)
Info (16010): Generating hard_block partition "hard_block:auto_generated_inst"
    Info (16011): Adding 14 node(s), including 0 DDIO, 1 PLL, 0 transceiver and 0 LCELL
Critical Warning (138067): Current license file does not support incremental compilation. The Quartus Prime software removes all the user-specified design partitions in the design automatically.
Info (21057): Implemented 891 device resources after synthesis - the final resource count might be different
    Info (21058): Implemented 5 input pins
    Info (21059): Implemented 30 output pins
    Info (21061): Implemented 843 logic cells
    Info (21064): Implemented 11 RAM segments
    Info (21065): Implemented 1 PLLs
Info: Quartus Prime Partition Merge was successful. 0 errors, 3 warnings
    Info: Peak virtual memory: 4763 megabytes
    Info: Processing ended: Thu Aug 24 18:02:21 2023
    Info: Elapsed time: 00:00:03
    Info: Total CPU time (on all processors): 00:00:03


